<?xml version="1.0" encoding="UTF-8"?>
<!-- Generated by org.testng.reporters.JUnitReportReporter -->
<testsuite hostname="LAPTOP-6CGGKHQ4" failures="0" tests="1" name="com.test.TestNGClass" time="0.043" errors="0" timestamp="15 Aug 2021 14:25:56 GMT">
  <testcase classname="com.test.TestNGClass" name="f" time="0.043"/>
</testsuite> <!-- com.test.TestNGClass -->
